<?xml version="1.0" encoding="UTF-8"?>
<!-- Generated by org.testng.reporters.JUnitReportReporter -->
<testsuite hostname="DESKTOP-AKUPQ7M" failures="0" tests="1" name="extent.Extrepot" time="0.675" errors="0" timestamp="2023-05-27T15:22:21 IST" skipped="0">
  <testcase classname="extent.Extrepot" name="data" time="0.675"/>
  <system-out/>
</testsuite> <!-- extent.Extrepot -->
