<?xml version="1.0" encoding="UTF-8"?>
<!-- Generated by org.testng.reporters.JUnitReportReporter -->
<testsuite hostname="DESKTOP-AKUPQ7M" failures="0" tests="1" name="logs.Log2" time="0.102" errors="0" timestamp="2023-05-27T15:38:18 IST" skipped="0">
  <testcase classname="logs.Log2" name="test2" time="0.102"/>
  <system-out/>
</testsuite> <!-- logs.Log2 -->
