<?xml version="1.0" encoding="UTF-8"?>
<!-- Generated by org.testng.reporters.JUnitReportReporter -->
<testsuite hostname="DESKTOP-AKUPQ7M" failures="0" tests="1" name="logs.Log1" time="0.064" errors="0" timestamp="2023-05-27T15:32:04 IST" skipped="0">
  <testcase classname="logs.Log1" name="test1" time="0.064"/>
  <system-out/>
</testsuite> <!-- logs.Log1 -->
